Performing C SOURCE FILE Test C_TEST_COMPILED failed with the following output:
Change Dir: /root/ffmpeg_sources/aom_build/CMakeFiles/CMakeScratch/TryCompile-gfFH1P

Run Build Command(s):/usr/bin/gmake -f Makefile cmTC_7f663/fast && /usr/bin/gmake  -f CMakeFiles/cmTC_7f663.dir/build.make CMakeFiles/cmTC_7f663.dir/build
gmake[1]: Entering directory '/root/ffmpeg_sources/aom_build/CMakeFiles/CMakeScratch/TryCompile-gfFH1P'
Building C object CMakeFiles/cmTC_7f663.dir/src.c.o
/usr/bin/cc -DC_TEST_COMPILED  -march=armv8.2-a+dotprod+i8mm+sve -fPIC -o CMakeFiles/cmTC_7f663.dir/src.c.o -c /root/ffmpeg_sources/aom_build/CMakeFiles/CMakeScratch/TryCompile-gfFH1P/src.c
/root/ffmpeg_sources/aom_build/CMakeFiles/CMakeScratch/TryCompile-gfFH1P/src.c:3:2: error: #error 1
    3 | #error 1
      |  ^~~~~
/root/ffmpeg_sources/aom_build/CMakeFiles/CMakeScratch/TryCompile-gfFH1P/src.c:6:10: fatal error: arm_neon_sve_bridge.h: No such file or directory
    6 | #include <arm_neon_sve_bridge.h>
      |          ^~~~~~~~~~~~~~~~~~~~~~~
compilation terminated.
gmake[1]: *** [CMakeFiles/cmTC_7f663.dir/build.make:78: CMakeFiles/cmTC_7f663.dir/src.c.o] Error 1
gmake[1]: Leaving directory '/root/ffmpeg_sources/aom_build/CMakeFiles/CMakeScratch/TryCompile-gfFH1P'
gmake: *** [Makefile:127: cmTC_7f663/fast] Error 2


Source file was:

#ifndef __ARM_NEON_SVE_BRIDGE
#error 1
#endif
#include <arm_sve.h>
#include <arm_neon_sve_bridge.h> 
int main(void) { return 0; }

Performing C++ SOURCE FILE Test CXX_TEST_COMPILED failed with the following output:
Change Dir: /root/ffmpeg_sources/aom_build/CMakeFiles/CMakeScratch/TryCompile-U1Fcf1

Run Build Command(s):/usr/bin/gmake -f Makefile cmTC_8ec54/fast && /usr/bin/gmake  -f CMakeFiles/cmTC_8ec54.dir/build.make CMakeFiles/cmTC_8ec54.dir/build
gmake[1]: Entering directory '/root/ffmpeg_sources/aom_build/CMakeFiles/CMakeScratch/TryCompile-U1Fcf1'
Building CXX object CMakeFiles/cmTC_8ec54.dir/src.cxx.o
/usr/bin/c++ -DCXX_TEST_COMPILED  -march=armv8.2-a+dotprod+i8mm+sve -fPIC -o CMakeFiles/cmTC_8ec54.dir/src.cxx.o -c /root/ffmpeg_sources/aom_build/CMakeFiles/CMakeScratch/TryCompile-U1Fcf1/src.cxx
/root/ffmpeg_sources/aom_build/CMakeFiles/CMakeScratch/TryCompile-U1Fcf1/src.cxx:3:2: error: #error 1
    3 | #error 1
      |  ^~~~~
/root/ffmpeg_sources/aom_build/CMakeFiles/CMakeScratch/TryCompile-U1Fcf1/src.cxx:6:10: fatal error: arm_neon_sve_bridge.h: No such file or directory
    6 | #include <arm_neon_sve_bridge.h>
      |          ^~~~~~~~~~~~~~~~~~~~~~~
compilation terminated.
gmake[1]: *** [CMakeFiles/cmTC_8ec54.dir/build.make:78: CMakeFiles/cmTC_8ec54.dir/src.cxx.o] Error 1
gmake[1]: Leaving directory '/root/ffmpeg_sources/aom_build/CMakeFiles/CMakeScratch/TryCompile-U1Fcf1'
gmake: *** [Makefile:127: cmTC_8ec54/fast] Error 2


Source file was:

#ifndef __ARM_NEON_SVE_BRIDGE
#error 1
#endif
#include <arm_sve.h>
#include <arm_neon_sve_bridge.h> 
int main() { return 0; }

Performing C SOURCE FILE Test C_FLAG_SUPPORTED failed with the following output:
Change Dir: /root/ffmpeg_sources/aom_build/CMakeFiles/CMakeScratch/TryCompile-i8Q1qq

Run Build Command(s):/usr/bin/gmake -f Makefile cmTC_3e350/fast && /usr/bin/gmake  -f CMakeFiles/cmTC_3e350.dir/build.make CMakeFiles/cmTC_3e350.dir/build
gmake[1]: Entering directory '/root/ffmpeg_sources/aom_build/CMakeFiles/CMakeScratch/TryCompile-i8Q1qq'
Building C object CMakeFiles/cmTC_3e350.dir/src.c.o
/usr/bin/cc -DC_FLAG_SUPPORTED  -fPIE   -Wextra-semi -o CMakeFiles/cmTC_3e350.dir/src.c.o -c /root/ffmpeg_sources/aom_build/CMakeFiles/CMakeScratch/TryCompile-i8Q1qq/src.c
cc1: warning: command-line option '-Wextra-semi' is valid for C++/ObjC++ but not for C
Linking C executable cmTC_3e350
/usr/bin/cmake -E cmake_link_script CMakeFiles/cmTC_3e350.dir/link.txt --verbose=1
/usr/bin/cc CMakeFiles/cmTC_3e350.dir/src.c.o -o cmTC_3e350  -lm 
gmake[1]: Leaving directory '/root/ffmpeg_sources/aom_build/CMakeFiles/CMakeScratch/TryCompile-i8Q1qq'


Source file was:
int main(void) { return 0; }

Performing C SOURCE FILE Test C_FLAG_SUPPORTED failed with the following output:
Change Dir: /root/ffmpeg_sources/aom_build/CMakeFiles/CMakeScratch/TryCompile-JY5Vbs

Run Build Command(s):/usr/bin/gmake -f Makefile cmTC_5ebff/fast && /usr/bin/gmake  -f CMakeFiles/cmTC_5ebff.dir/build.make CMakeFiles/cmTC_5ebff.dir/build
gmake[1]: Entering directory '/root/ffmpeg_sources/aom_build/CMakeFiles/CMakeScratch/TryCompile-JY5Vbs'
Building C object CMakeFiles/cmTC_5ebff.dir/src.c.o
/usr/bin/cc -DC_FLAG_SUPPORTED  -fPIE   -Wextra-semi-stmt -o CMakeFiles/cmTC_5ebff.dir/src.c.o -c /root/ffmpeg_sources/aom_build/CMakeFiles/CMakeScratch/TryCompile-JY5Vbs/src.c
cc: error: unrecognized command-line option '-Wextra-semi-stmt'; did you mean '-Wextra-semi'?
gmake[1]: *** [CMakeFiles/cmTC_5ebff.dir/build.make:78: CMakeFiles/cmTC_5ebff.dir/src.c.o] Error 1
gmake[1]: Leaving directory '/root/ffmpeg_sources/aom_build/CMakeFiles/CMakeScratch/TryCompile-JY5Vbs'
gmake: *** [Makefile:127: cmTC_5ebff/fast] Error 2


Source file was:
int main(void) { return 0; }

Performing C++ SOURCE FILE Test CXX_FLAG_SUPPORTED failed with the following output:
Change Dir: /root/ffmpeg_sources/aom_build/CMakeFiles/CMakeScratch/TryCompile-frsoOL

Run Build Command(s):/usr/bin/gmake -f Makefile cmTC_ca505/fast && /usr/bin/gmake  -f CMakeFiles/cmTC_ca505.dir/build.make CMakeFiles/cmTC_ca505.dir/build
gmake[1]: Entering directory '/root/ffmpeg_sources/aom_build/CMakeFiles/CMakeScratch/TryCompile-frsoOL'
Building CXX object CMakeFiles/cmTC_ca505.dir/src.cxx.o
/usr/bin/c++ -DCXX_FLAG_SUPPORTED  -fPIE   -Wextra-semi-stmt -o CMakeFiles/cmTC_ca505.dir/src.cxx.o -c /root/ffmpeg_sources/aom_build/CMakeFiles/CMakeScratch/TryCompile-frsoOL/src.cxx
c++: error: unrecognized command-line option '-Wextra-semi-stmt'; did you mean '-Wextra-semi'?
gmake[1]: *** [CMakeFiles/cmTC_ca505.dir/build.make:78: CMakeFiles/cmTC_ca505.dir/src.cxx.o] Error 1
gmake[1]: Leaving directory '/root/ffmpeg_sources/aom_build/CMakeFiles/CMakeScratch/TryCompile-frsoOL'
gmake: *** [Makefile:127: cmTC_ca505/fast] Error 2


Source file was:
int main() { return 0; }

Performing C SOURCE FILE Test C_FLAG_SUPPORTED failed with the following output:
Change Dir: /root/ffmpeg_sources/aom_build/CMakeFiles/CMakeScratch/TryCompile-utnJjW

Run Build Command(s):/usr/bin/gmake -f Makefile cmTC_c5772/fast && /usr/bin/gmake  -f CMakeFiles/cmTC_c5772.dir/build.make CMakeFiles/cmTC_c5772.dir/build
gmake[1]: Entering directory '/root/ffmpeg_sources/aom_build/CMakeFiles/CMakeScratch/TryCompile-utnJjW'
Building C object CMakeFiles/cmTC_c5772.dir/src.c.o
/usr/bin/cc -DC_FLAG_SUPPORTED  -fPIE   -Wshorten-64-to-32 -o CMakeFiles/cmTC_c5772.dir/src.c.o -c /root/ffmpeg_sources/aom_build/CMakeFiles/CMakeScratch/TryCompile-utnJjW/src.c
cc: error: unrecognized command-line option '-Wshorten-64-to-32'
gmake[1]: *** [CMakeFiles/cmTC_c5772.dir/build.make:78: CMakeFiles/cmTC_c5772.dir/src.c.o] Error 1
gmake[1]: Leaving directory '/root/ffmpeg_sources/aom_build/CMakeFiles/CMakeScratch/TryCompile-utnJjW'
gmake: *** [Makefile:127: cmTC_c5772/fast] Error 2


Source file was:
int main(void) { return 0; }

Performing C++ SOURCE FILE Test CXX_FLAG_SUPPORTED failed with the following output:
Change Dir: /root/ffmpeg_sources/aom_build/CMakeFiles/CMakeScratch/TryCompile-7xoXz1

Run Build Command(s):/usr/bin/gmake -f Makefile cmTC_148ee/fast && /usr/bin/gmake  -f CMakeFiles/cmTC_148ee.dir/build.make CMakeFiles/cmTC_148ee.dir/build
gmake[1]: Entering directory '/root/ffmpeg_sources/aom_build/CMakeFiles/CMakeScratch/TryCompile-7xoXz1'
Building CXX object CMakeFiles/cmTC_148ee.dir/src.cxx.o
/usr/bin/c++ -DCXX_FLAG_SUPPORTED  -fPIE   -Wshorten-64-to-32 -o CMakeFiles/cmTC_148ee.dir/src.cxx.o -c /root/ffmpeg_sources/aom_build/CMakeFiles/CMakeScratch/TryCompile-7xoXz1/src.cxx
c++: error: unrecognized command-line option '-Wshorten-64-to-32'
gmake[1]: *** [CMakeFiles/cmTC_148ee.dir/build.make:78: CMakeFiles/cmTC_148ee.dir/src.cxx.o] Error 1
gmake[1]: Leaving directory '/root/ffmpeg_sources/aom_build/CMakeFiles/CMakeScratch/TryCompile-7xoXz1'
gmake: *** [Makefile:127: cmTC_148ee/fast] Error 2


Source file was:
int main() { return 0; }

Performing C SOURCE FILE Test C_FLAG_SUPPORTED failed with the following output:
Change Dir: /root/ffmpeg_sources/aom_build/CMakeFiles/CMakeScratch/TryCompile-jFefez

Run Build Command(s):/usr/bin/gmake -f Makefile cmTC_88f70/fast && /usr/bin/gmake  -f CMakeFiles/cmTC_88f70.dir/build.make CMakeFiles/cmTC_88f70.dir/build
gmake[1]: Entering directory '/root/ffmpeg_sources/aom_build/CMakeFiles/CMakeScratch/TryCompile-jFefez'
Building C object CMakeFiles/cmTC_88f70.dir/src.c.o
/usr/bin/cc -DC_FLAG_SUPPORTED  -fPIE   -Wstring-conversion -o CMakeFiles/cmTC_88f70.dir/src.c.o -c /root/ffmpeg_sources/aom_build/CMakeFiles/CMakeScratch/TryCompile-jFefez/src.c
cc: error: unrecognized command-line option '-Wstring-conversion'; did you mean '-Wsign-conversion'?
gmake[1]: *** [CMakeFiles/cmTC_88f70.dir/build.make:78: CMakeFiles/cmTC_88f70.dir/src.c.o] Error 1
gmake[1]: Leaving directory '/root/ffmpeg_sources/aom_build/CMakeFiles/CMakeScratch/TryCompile-jFefez'
gmake: *** [Makefile:127: cmTC_88f70/fast] Error 2


Source file was:
int main(void) { return 0; }

Performing C++ SOURCE FILE Test CXX_FLAG_SUPPORTED failed with the following output:
Change Dir: /root/ffmpeg_sources/aom_build/CMakeFiles/CMakeScratch/TryCompile-6oR1ko

Run Build Command(s):/usr/bin/gmake -f Makefile cmTC_d34c8/fast && /usr/bin/gmake  -f CMakeFiles/cmTC_d34c8.dir/build.make CMakeFiles/cmTC_d34c8.dir/build
gmake[1]: Entering directory '/root/ffmpeg_sources/aom_build/CMakeFiles/CMakeScratch/TryCompile-6oR1ko'
Building CXX object CMakeFiles/cmTC_d34c8.dir/src.cxx.o
/usr/bin/c++ -DCXX_FLAG_SUPPORTED  -fPIE   -Wstring-conversion -o CMakeFiles/cmTC_d34c8.dir/src.cxx.o -c /root/ffmpeg_sources/aom_build/CMakeFiles/CMakeScratch/TryCompile-6oR1ko/src.cxx
c++: error: unrecognized command-line option '-Wstring-conversion'; did you mean '-Wsign-conversion'?
gmake[1]: *** [CMakeFiles/cmTC_d34c8.dir/build.make:78: CMakeFiles/cmTC_d34c8.dir/src.cxx.o] Error 1
gmake[1]: Leaving directory '/root/ffmpeg_sources/aom_build/CMakeFiles/CMakeScratch/TryCompile-6oR1ko'
gmake: *** [Makefile:127: cmTC_d34c8/fast] Error 2


Source file was:
int main() { return 0; }

Performing C SOURCE FILE Test C_FLAG_SUPPORTED failed with the following output:
Change Dir: /root/ffmpeg_sources/aom_build/CMakeFiles/CMakeScratch/TryCompile-rWtDqf

Run Build Command(s):/usr/bin/gmake -f Makefile cmTC_6f991/fast && /usr/bin/gmake  -f CMakeFiles/cmTC_6f991.dir/build.make CMakeFiles/cmTC_6f991.dir/build
gmake[1]: Entering directory '/root/ffmpeg_sources/aom_build/CMakeFiles/CMakeScratch/TryCompile-rWtDqf'
Building C object CMakeFiles/cmTC_6f991.dir/src.c.o
/usr/bin/cc -DC_FLAG_SUPPORTED  -fPIE   -Wunreachable-code-aggressive -o CMakeFiles/cmTC_6f991.dir/src.c.o -c /root/ffmpeg_sources/aom_build/CMakeFiles/CMakeScratch/TryCompile-rWtDqf/src.c
cc: error: unrecognized command-line option '-Wunreachable-code-aggressive'
gmake[1]: *** [CMakeFiles/cmTC_6f991.dir/build.make:78: CMakeFiles/cmTC_6f991.dir/src.c.o] Error 1
gmake[1]: Leaving directory '/root/ffmpeg_sources/aom_build/CMakeFiles/CMakeScratch/TryCompile-rWtDqf'
gmake: *** [Makefile:127: cmTC_6f991/fast] Error 2


Source file was:
int main(void) { return 0; }

Performing C++ SOURCE FILE Test CXX_FLAG_SUPPORTED failed with the following output:
Change Dir: /root/ffmpeg_sources/aom_build/CMakeFiles/CMakeScratch/TryCompile-WHxi7p

Run Build Command(s):/usr/bin/gmake -f Makefile cmTC_ef312/fast && /usr/bin/gmake  -f CMakeFiles/cmTC_ef312.dir/build.make CMakeFiles/cmTC_ef312.dir/build
gmake[1]: Entering directory '/root/ffmpeg_sources/aom_build/CMakeFiles/CMakeScratch/TryCompile-WHxi7p'
Building CXX object CMakeFiles/cmTC_ef312.dir/src.cxx.o
/usr/bin/c++ -DCXX_FLAG_SUPPORTED  -fPIE   -Wunreachable-code-aggressive -o CMakeFiles/cmTC_ef312.dir/src.cxx.o -c /root/ffmpeg_sources/aom_build/CMakeFiles/CMakeScratch/TryCompile-WHxi7p/src.cxx
c++: error: unrecognized command-line option '-Wunreachable-code-aggressive'
gmake[1]: *** [CMakeFiles/cmTC_ef312.dir/build.make:78: CMakeFiles/cmTC_ef312.dir/src.cxx.o] Error 1
gmake[1]: Leaving directory '/root/ffmpeg_sources/aom_build/CMakeFiles/CMakeScratch/TryCompile-WHxi7p'
gmake: *** [Makefile:127: cmTC_ef312/fast] Error 2


Source file was:
int main() { return 0; }

